<?xml version="1.0" encoding="UTF-8"?>
<!-- Generated by org.testng.reporters.JUnitReportReporter -->
<testsuite hostname="Rakeshs-MacBook-Pro.local" failures="0" tests="1" name="com.sample.tests.JobBoardTest" time="8.835" errors="0" timestamp="2020-08-28T18:45:04 MDT" skipped="0">
  <testcase classname="com.sample.tests.JobBoardTest" name="jobValidation" time="8.835"/>
  <system-out/>
</testsuite> <!-- com.sample.tests.JobBoardTest -->
