<?xml version="1.0" encoding="UTF-8"?>
<!-- Generated by org.testng.reporters.JUnitReportReporter -->
<testsuite hostname="Rakeshs-MacBook-Pro.local" failures="0" tests="2" name="com.sample.tests.JobBoardTest" time="34.631" errors="0" timestamp="2020-08-31T22:17:08 MDT" skipped="0">
  <testcase classname="com.sample.tests.JobBoardTest" name="qaJobValidation" time="18.458"/>
  <system-out/>
  <testcase classname="com.sample.tests.JobBoardTest" name="astronautJobSearch" time="16.173"/>
  <system-out/>
</testsuite> <!-- com.sample.tests.JobBoardTest -->
