<?xml version="1.0" encoding="UTF-8"?>
<!-- Generated by org.testng.reporters.JUnitReportReporter -->
<testsuite skipped="0" hostname="Rakeshs-MacBook-Pro.local" name="com.sample.tests.JobBoardTest" tests="3" failures="0" timestamp="2020-09-01T09:11:20 MDT" time="25.440" errors="0">
  <testcase name="qualityAssuranceSpecialistJobValidation" time="8.385" classname="com.sample.tests.JobBoardTest"/>
  <system-out/>
  <testcase name="qualityAssuranceSpecialistJobDescriptionValidation" time="8.386" classname="com.sample.tests.JobBoardTest"/>
  <system-out/>
  <testcase name="astronautJobValidation" time="8.669" classname="com.sample.tests.JobBoardTest"/>
  <system-out/>
</testsuite> <!-- com.sample.tests.JobBoardTest -->
